[0] SCODE 40 
[1] PUSH 5 -1 
[2] GOTO 5 
[3] POP 
[4] HALT 
[5] FUNC 1 
[6] NEW 4 
[7] NEW 4 
[8] NEW 4 
[9] NEW 8 
[10] NEW 1 
[11] FUNC 2 
[12] NEW 4 
[13] NEW 4 
[14] NEW 4 
[15] FUNC 3 
[16] NEW 4 
[17] NEW 4 
[18] NEW 4 
[19] LDI 0 
[20] STO 2 1 
[21] PUSH 3 2 
[22] GOTO 11 
[23] POP 
[24] STO 0 1 
[25] LOD 2 1 
[26] RETURN 
[27] LDI 0 
[28] STO 1 1 
[29] LOD 1 1 
[30] RETURN 
[31] LDI 0 
[32] STO 0 1 
[33] LDS "ciao" 
[34] STO 0 4 
[35] LOD 0 4 
[36] LDS "cio" 
[37] EQU 
[38] STO 0 5 
[39] LOD 0 1 
[40] RETURN 
